<?xml version="1.0" encoding="UTF-8"?>
<!-- Generated by org.testng.reporters.JUnitReportReporter -->
<testsuite hostname="Huawei-PC" failures="0" tests="1" name="Main.TestNg" time="17.573" errors="0" timestamp="2023-03-15T16:00:42 EET" skipped="0">
  <testcase classname="Main.TestNg" name="case_1" time="17.573"/>
  <system-out/>
</testsuite> <!-- Main.TestNg -->
