<?xml version="1.0" encoding="UTF-8"?>
<!-- Generated by org.testng.reporters.JUnitReportReporter -->
<testsuite hostname="Huawei-PC" failures="0" tests="1" name="Tests.Static_Test_1" time="9.665" errors="0" timestamp="2023-03-15T16:00:42 EET" skipped="0">
  <testcase classname="Tests.Static_Test_1" name="test1" time="9.665"/>
  <system-out/>
</testsuite> <!-- Tests.Static_Test_1 -->
